2025-09-16 13:04:56,101 - ERROR - Erreur chargement modèle spaCy: [E050] Can't find model 'fr_core_news_sm'. It doesn't seem to be a Python package or a valid path to a data directory.
2025-09-16 13:04:56,110 - INFO - Début recommandation: keywords_file=C:\Users\Firas kdidi\Desktop\Pfe\projetpfe\temp_keywords.txt, experience_min=0
2025-09-16 13:04:56,118 - WARNING - Aucun CV correspondant aux critères
2025-09-16 13:05:26,783 - ERROR - Erreur chargement modèle spaCy: [E050] Can't find model 'fr_core_news_sm'. It doesn't seem to be a Python package or a valid path to a data directory.
2025-09-16 13:05:26,785 - INFO - Début recommandation: keywords_file=C:\Users\Firas kdidi\Desktop\Pfe\projetpfe\temp_keywords.txt, experience_min=1
2025-09-16 13:05:26,786 - WARNING - Aucun CV correspondant aux critères
2025-09-16 13:06:13,265 - ERROR - Erreur chargement modèle spaCy: [E050] Can't find model 'fr_core_news_sm'. It doesn't seem to be a Python package or a valid path to a data directory.
2025-09-16 13:06:13,267 - INFO - Début recommandation: keywords_file=C:\Users\Firas kdidi\Desktop\Pfe\projetpfe\temp_keywords.txt, experience_min=1
2025-09-16 13:06:13,470 - INFO - Texte extrait de C:/Users/Firas kdidi/Desktop/Pfe/CV\CV ANis.pdf
2025-09-16 13:06:13,593 - INFO - Texte extrait de C:/Users/Firas kdidi/Desktop/Pfe/CV\cv.pdf
2025-09-16 13:06:13,593 - WARNING - Aucun CV correspondant aux critères
2025-09-16 13:06:24,667 - ERROR - Erreur chargement modèle spaCy: [E050] Can't find model 'fr_core_news_sm'. It doesn't seem to be a Python package or a valid path to a data directory.
2025-09-16 13:06:24,668 - INFO - Début recommandation: keywords_file=C:\Users\Firas kdidi\Desktop\Pfe\projetpfe\temp_keywords.txt, experience_min=0
2025-09-16 13:06:24,841 - INFO - Texte extrait de C:/Users/Firas kdidi/Desktop/Pfe/CV\CV ANis.pdf
2025-09-16 13:06:24,841 - ERROR - Erreur recommandation: 'NoneType' object is not callable
2025-09-16 13:14:43,086 - INFO - Début recommandation: keywords_file=C:\Users\Firas kdidi\Desktop\Pfe\projetpfe\temp_keywords.txt, experience_min=0
2025-09-16 13:14:43,245 - INFO - Texte extrait de C:/Users/Firas kdidi/Desktop/Pfe/CV\CV ANis.pdf
2025-09-16 13:14:43,804 - INFO - Texte extrait de C:/Users/Firas kdidi/Desktop/Pfe/CV\cv.pdf
2025-09-16 13:14:44,141 - INFO - Recommandation terminée: 2 CVs trouvés
2025-09-16 13:17:05,844 - INFO - Début recommandation: keywords_file=C:\Users\Firas kdidi\Desktop\Pfe\projetpfe\temp_keywords.txt, experience_min=0
2025-09-16 13:17:06,046 - INFO - Texte extrait de C:/Users/Firas kdidi/Desktop/Pfe/CV\CV ANis.pdf
2025-09-16 13:17:06,596 - INFO - Texte extrait de C:/Users/Firas kdidi/Desktop/Pfe/CV\cv.pdf
2025-09-16 13:17:06,902 - INFO - Recommandation terminée: 2 CVs trouvés
2025-09-16 13:17:37,578 - INFO - Début recommandation: keywords_file=C:\Users\Firas kdidi\Desktop\Pfe\projetpfe\temp_keywords.txt, experience_min=0
2025-09-16 13:17:37,714 - INFO - Texte extrait de C:/Users/Firas kdidi/Desktop/Pfe/CV\CV ANis.pdf
2025-09-16 13:17:38,233 - INFO - Texte extrait de C:/Users/Firas kdidi/Desktop/Pfe/CV\cv.pdf
2025-09-16 13:17:38,525 - INFO - Recommandation terminée: 2 CVs trouvés
2025-09-17 14:37:36,184 - INFO - Début recommandation: keywords_file=C:\Users\Firas kdidi\Desktop\Pfe\projetpfe\temp_keywords.txt, experience_min=0
2025-09-17 14:37:36,411 - INFO - Texte extrait de C:/Users/Firas kdidi/Desktop/Pfe/CV\CV ANis.pdf
2025-09-17 14:37:36,798 - ERROR - Erreur recommandation: name 'compute_composite_score' is not defined
2025-09-17 14:38:06,836 - INFO - Début recommandation: keywords_file=C:\Users\Firas kdidi\Desktop\Pfe\projetpfe\temp_keywords.txt, experience_min=0
2025-09-17 14:38:06,974 - INFO - Texte extrait de C:/Users/Firas kdidi/Desktop/Pfe/CV\CV ANis.pdf
2025-09-17 14:38:07,247 - ERROR - Erreur recommandation: name 'compute_composite_score' is not defined
2025-09-17 14:38:20,427 - INFO - Début recommandation: keywords_file=C:\Users\Firas kdidi\Desktop\Pfe\projetpfe\temp_keywords.txt, experience_min=0
2025-09-17 14:38:20,569 - INFO - Texte extrait de C:/Users/Firas kdidi/Desktop/Pfe/CV\CV ANis.pdf
2025-09-17 14:38:20,870 - ERROR - Erreur recommandation: name 'compute_composite_score' is not defined
2025-09-19 17:50:40,753 - INFO - Début recommandation: keywords_file=C:\Users\Firas kdidi\Desktop\Pfe\projetpfe\temp_keywords.txt, experience_min=0
2025-09-19 17:50:40,753 - ERROR - Mots-clés vides
2025-09-19 17:51:01,711 - INFO - Début recommandation: keywords_file=C:\Users\Firas kdidi\Desktop\Pfe\projetpfe\temp_keywords.txt, experience_min=0
2025-09-19 17:51:01,915 - INFO - Texte extrait de C:/Users/Firas kdidi/Desktop/Pfe/CV\CV ANis.pdf
2025-09-19 17:51:02,602 - INFO - Texte extrait de C:/Users/Firas kdidi/Desktop/Pfe/CV\farjallah_farjallahanis.pdf
2025-09-19 17:51:02,783 - ERROR - Erreur recommandation: name 'compute_composite_score' is not defined
2025-09-19 18:19:18,900 - INFO - Début recommandation: keywords_file=C:\Users\Firas kdidi\Desktop\Pfe\projetpfe\temp_keywords.txt, experience_min=0
2025-09-19 18:19:19,101 - INFO - Texte extrait de C:/Users/Firas kdidi/Desktop/Pfe/CV\CV ANis.pdf
2025-09-19 18:19:19,768 - INFO - Texte extrait de C:/Users/Firas kdidi/Desktop/Pfe/CV\farjallah_farjallahanis.pdf
2025-09-19 18:19:20,172 - INFO - Texte extrait de C:/Users/Firas kdidi/Desktop/Pfe/CV\farjallah_tessst.pdf
2025-09-19 18:19:20,382 - ERROR - Erreur recommandation: name 'compute_composite_score' is not defined
2025-09-25 12:31:32,794 - INFO - Début recommandation: keywords_file=C:\Users\Firas kdidi\Desktop\Pfe\projetpfe\temp_keywords.txt, experience_min=0
2025-09-25 12:31:32,795 - ERROR - Mots-clés vides
2025-09-25 13:08:53,699 - INFO - Début recommandation: keywords_file=C:\Users\Firas kdidi\Desktop\Pfe\projetpfe\temp_keywords.txt, experience_min=0
2025-09-25 13:08:53,881 - INFO - Texte extrait de C:/Users/Firas kdidi/Desktop/Pfe/CV\CV ANis.pdf
2025-09-25 13:08:54,395 - INFO - Texte extrait de C:/Users/Firas kdidi/Desktop/Pfe/CV\farjallah_farjallahanis.pdf
2025-09-25 13:08:54,649 - INFO - Texte extrait de C:/Users/Firas kdidi/Desktop/Pfe/CV\farjallah_tessst.pdf
2025-09-25 13:08:54,789 - ERROR - Erreur recommandation: name 'compute_composite_score' is not defined
2025-09-25 13:09:27,529 - INFO - Début recommandation: keywords_file=C:\Users\Firas kdidi\Desktop\Pfe\projetpfe\temp_keywords.txt, experience_min=0
2025-09-25 13:09:27,529 - ERROR - Mots-clés vides
2025-09-25 13:10:04,265 - INFO - Début recommandation: keywords_file=C:\Users\Firas kdidi\Desktop\Pfe\projetpfe\temp_keywords.txt, experience_min=0
2025-09-25 13:10:04,407 - INFO - Texte extrait de C:/Users/Firas kdidi/Desktop/Pfe/CV\CV ANis.pdf
2025-09-25 13:10:04,892 - INFO - Texte extrait de C:/Users/Firas kdidi/Desktop/Pfe/CV\farjallah_farjallahanis.pdf
2025-09-25 13:10:05,228 - INFO - Texte extrait de C:/Users/Firas kdidi/Desktop/Pfe/CV\farjallah_tessst.pdf
2025-09-25 13:10:05,432 - ERROR - Erreur recommandation: name 'compute_composite_score' is not defined
2025-09-25 13:11:10,303 - INFO - Début recommandation: keywords_file=C:\Users\Firas kdidi\Desktop\Pfe\projetpfe\temp_keywords.txt, experience_min=0
2025-09-25 13:11:10,538 - INFO - Texte extrait de C:/Users/Firas kdidi/Desktop/Pfe/CV\CV ANis.pdf
2025-09-25 13:11:11,027 - INFO - Texte extrait de C:/Users/Firas kdidi/Desktop/Pfe/CV\farjallah_farjallahanis.pdf
2025-09-25 13:11:11,289 - INFO - Texte extrait de C:/Users/Firas kdidi/Desktop/Pfe/CV\farjallah_tessst.pdf
2025-09-25 13:11:11,434 - ERROR - Erreur recommandation: name 'compute_composite_score' is not defined
2025-09-25 13:11:46,134 - INFO - Début recommandation: keywords_file=C:\Users\Firas kdidi\Desktop\Pfe\projetpfe\temp_keywords.txt, experience_min=0
2025-09-25 13:11:46,302 - INFO - Texte extrait de C:/Users/Firas kdidi/Desktop/Pfe/CV\CV ANis.pdf
2025-09-25 13:11:46,795 - INFO - Texte extrait de C:/Users/Firas kdidi/Desktop/Pfe/CV\farjallah_farjallahanis.pdf
2025-09-25 13:11:47,045 - INFO - Texte extrait de C:/Users/Firas kdidi/Desktop/Pfe/CV\farjallah_tessst.pdf
2025-09-25 13:11:47,183 - ERROR - Erreur recommandation: name 'compute_composite_score' is not defined
2025-09-25 15:22:23,458 - INFO - Début recommandation: keywords_file=C:\Users\Firas kdidi\Desktop\Pfe\projetpfe\temp_keywords.txt, experience_min=0
2025-09-25 15:22:23,593 - INFO - Texte extrait de C:/Users/Firas kdidi/Desktop/Pfe/CV\CV ANis.pdf
2025-09-25 15:22:24,208 - INFO - Texte extrait de C:/Users/Firas kdidi/Desktop/Pfe/CV\farjallah_farjallahanis.pdf
2025-09-25 15:22:24,449 - INFO - Texte extrait de C:/Users/Firas kdidi/Desktop/Pfe/CV\farjallah_tessst.pdf
2025-09-25 15:22:24,606 - ERROR - Erreur recommandation: name 'compute_composite_score' is not defined
2025-09-25 15:32:05,251 - INFO - Début recommandation: keywords_file=C:\Users\Firas kdidi\Desktop\Pfe\projetpfe\temp_keywords.txt, experience_min=0
2025-09-25 15:32:05,389 - INFO - Texte extrait de C:/Users/Firas kdidi/Desktop/Pfe/CV\CV ANis.pdf
2025-09-25 15:32:05,868 - INFO - Texte extrait de C:/Users/Firas kdidi/Desktop/Pfe/CV\farjallah_farjallahanis.pdf
2025-09-25 15:32:06,107 - INFO - Texte extrait de C:/Users/Firas kdidi/Desktop/Pfe/CV\farjallah_tessst.pdf
2025-09-25 15:32:06,252 - INFO - Recommandation terminée: 3 CVs trouvés
2025-09-25 15:35:49,348 - INFO - Début recommandation: keywords_file=C:\Users\Firas kdidi\Desktop\Pfe\projetpfe\temp_keywords.txt, experience_min=0
2025-09-25 15:35:49,480 - INFO - Texte extrait de C:/Users/Firas kdidi/Desktop/Pfe/CV\CV ANis.pdf
2025-09-25 15:35:49,953 - INFO - Texte extrait de C:/Users/Firas kdidi/Desktop/Pfe/CV\farjallah_farjallahanis.pdf
2025-09-25 15:35:50,182 - INFO - Texte extrait de C:/Users/Firas kdidi/Desktop/Pfe/CV\farjallah_tessst.pdf
2025-09-25 15:35:50,322 - INFO - Recommandation terminée: 3 CVs trouvés
2025-09-25 15:38:04,472 - INFO - Début recommandation: keywords_file=C:\Users\Firas kdidi\Desktop\Pfe\projetpfe\temp_keywords.txt, experience_min=0
2025-09-25 15:38:04,610 - INFO - Texte extrait de C:/Users/Firas kdidi/Desktop/Pfe/CV\CV ANis.pdf
2025-09-25 15:38:05,180 - INFO - Texte extrait de C:/Users/Firas kdidi/Desktop/Pfe/CV\farjallah_farjallahanis.pdf
2025-09-25 15:38:05,436 - INFO - Texte extrait de C:/Users/Firas kdidi/Desktop/Pfe/CV\farjallah_tessst.pdf
2025-09-25 15:38:05,575 - INFO - Recommandation terminée: 3 CVs trouvés
2025-09-25 15:40:08,615 - INFO - Début recommandation: keywords_file=C:\Users\Firas kdidi\Desktop\Pfe\projetpfe\temp_keywords.txt, experience_min=0
2025-09-25 15:40:08,768 - INFO - Texte extrait de C:/Users/Firas kdidi/Desktop/Pfe/CV\CV ANis.pdf
2025-09-25 15:40:09,246 - INFO - Texte extrait de C:/Users/Firas kdidi/Desktop/Pfe/CV\farjallah_farjallahanis.pdf
2025-09-25 15:40:09,484 - INFO - Texte extrait de C:/Users/Firas kdidi/Desktop/Pfe/CV\farjallah_tessst.pdf
2025-09-25 15:40:09,617 - INFO - Recommandation terminée: 3 CVs trouvés
2025-09-25 15:43:40,948 - INFO - Début recommandation: keywords_file=C:\Users\Firas kdidi\Desktop\Pfe\projetpfe\temp_keywords.txt, experience_min=0
2025-09-25 15:43:40,948 - ERROR - Mots-clés vides
2025-09-25 15:44:00,336 - INFO - Début recommandation: keywords_file=C:\Users\Firas kdidi\Desktop\Pfe\projetpfe\temp_keywords.txt, experience_min=0
2025-09-25 15:44:00,381 - INFO - Texte extrait de C:/Users/Firas kdidi/Desktop/Pfe/CV\cv (6).pdf
2025-09-25 15:44:00,650 - INFO - Texte extrait de C:/Users/Firas kdidi/Desktop/Pfe/CV\CV ANis.pdf
2025-09-25 15:44:00,935 - INFO - Recommandation terminée: 2 CVs trouvés
2025-09-25 15:46:40,133 - INFO - Début recommandation: keywords_file=C:\Users\Firas kdidi\Desktop\Pfe\projetpfe\temp_keywords.txt, experience_min=0
2025-09-25 15:46:40,279 - INFO - Texte extrait de C:/Users/Firas kdidi/Desktop/Pfe/CV\farjallah_farjallahanis.pdf
2025-09-25 15:46:40,802 - INFO - Texte extrait de C:/Users/Firas kdidi/Desktop/Pfe/CV\kdidi_firas.pdf
2025-09-25 15:46:41,073 - INFO - Recommandation terminée: 2 CVs trouvés
2025-09-25 15:48:07,081 - INFO - Début recommandation: keywords_file=C:\Users\Firas kdidi\Desktop\Pfe\projetpfe\temp_keywords.txt, experience_min=0
2025-09-25 15:48:07,217 - INFO - Texte extrait de C:/Users/Firas kdidi/Desktop/Pfe/CV\farjallah_farjallahanis.pdf
2025-09-25 15:48:07,694 - INFO - Texte extrait de C:/Users/Firas kdidi/Desktop/Pfe/CV\kdidi_firas.pdf
2025-09-25 15:48:07,961 - INFO - Recommandation terminée: 2 CVs trouvés
2025-09-25 16:05:20,310 - INFO - Début recommandation: keywords_file=C:\Users\Firas kdidi\Desktop\Pfe\projetpfe\temp_keywords.txt, experience_min=0
2025-09-25 16:05:20,466 - INFO - Texte extrait de C:/Users/Firas kdidi/Desktop/Pfe/CV\farjallah_farjallahanis.pdf
2025-09-25 16:05:20,992 - INFO - Texte extrait de C:/Users/Firas kdidi/Desktop/Pfe/CV\kdidi_firas.pdf
2025-09-25 16:05:21,282 - INFO - Recommandation terminée: 2 CVs trouvés
2025-09-25 16:05:55,966 - INFO - Début recommandation: keywords_file=C:\Users\Firas kdidi\Desktop\Pfe\projetpfe\temp_keywords.txt, experience_min=0
2025-09-25 16:05:56,114 - INFO - Texte extrait de C:/Users/Firas kdidi/Desktop/Pfe/CV\farjallah_farjallahanis.pdf
2025-09-25 16:05:56,678 - INFO - Texte extrait de C:/Users/Firas kdidi/Desktop/Pfe/CV\kdidi_firas.pdf
2025-09-25 16:05:56,976 - INFO - Recommandation terminée: 2 CVs trouvés
